# JRE version: OpenJDK Runtime Environment Temurin-17.0.12+7 (17.0.12+7) (build 17.0.12+7)
# Java VM: OpenJDK 64-Bit Server VM Temurin-17.0.12+7 (17.0.12+7, mixed mode, sharing, tiered, compressed oops, compressed class ptrs, g1 gc, windows-amd64)
GC Precious Log:
 CPUs: 24 total, 24 available
 Memory: 32672M
 Large Page Support: Disabled
 NUMA Support: Disabled
 Compressed Oops: Enabled (32-bit)
 Heap Region Size: 1M
 Heap Min Capacity: 256M
 Heap Initial Capacity: 256M
 Heap Max Capacity: 512M
 Pre-touch: Disabled
 Parallel Workers: 18
 Concurrent Workers: 5
 Concurrent Refinement Workers: 18
 Periodic GC: Disabled
Heap:
 garbage-first heap   total 262144K, used 81542K [0x00000000e0000000, 0x0000000100000000)
  region size 1024K, 21 young (21504K), 10 survivors (10240K)
 Metaspace       used 81034K, committed 81856K, reserved 458752K
  class space    used 11041K, committed 11392K, reserved 327680K
GC Heap History (20 events):
Event: 1.569 GC heap before
{Heap before GC invocations=1 (full 0):
 garbage-first heap   total 262144K, used 39742K [0x00000000e0000000, 0x0000000100000000)
  region size 1024K, 35 young (35840K), 3 survivors (3072K)
 Metaspace       used 4437K, committed 4608K, reserved 393216K
  class space    used 540K, committed 640K, reserved 327680K
}
Event: 1.573 GC heap after
{Heap after GC invocations=2 (full 0):
 garbage-first heap   total 262144K, used 11279K [0x00000000e0000000, 0x0000000100000000)
  region size 1024K, 5 young (5120K), 5 survivors (5120K)
 Metaspace       used 4437K, committed 4608K, reserved 393216K
  class space    used 540K, committed 640K, reserved 327680K
}
Event: 12.521 GC heap before
{Heap before GC invocations=2 (full 0):
 garbage-first heap   total 262144K, used 60431K [0x00000000e0000000, 0x0000000100000000)
  region size 1024K, 51 young (52224K), 5 survivors (5120K)
 Metaspace       used 4704K, committed 4928K, reserved 393216K
  class space    used 585K, committed 704K, reserved 327680K
}
Event: 12.526 GC heap after
{Heap after GC invocations=3 (full 0):
 garbage-first heap   total 262144K, used 16897K [0x00000000e0000000, 0x0000000100000000)
  region size 1024K, 5 young (5120K), 5 survivors (5120K)
 Metaspace       used 4704K, committed 4928K, reserved 393216K
  class space    used 585K, committed 704K, reserved 327680K
}
Event: 14.973 GC heap before
{Heap before GC invocations=3 (full 0):
 garbage-first heap   total 262144K, used 123393K [0x00000000e0000000, 0x0000000100000000)
  region size 1024K, 110 young (112640K), 5 survivors (5120K)
 Metaspace       used 21247K, committed 21504K, reserved 393216K
  class space    used 3070K, committed 3200K, reserved 327680K
}
Event: 14.982 GC heap after
{Heap after GC invocations=4 (full 0):
 garbage-first heap   total 262144K, used 24243K [0x00000000e0000000, 0x0000000100000000)
  region size 1024K, 12 young (12288K), 12 survivors (12288K)
 Metaspace       used 21247K, committed 21504K, reserved 393216K
  class space    used 3070K, committed 3200K, reserved 327680K
}
Event: 17.134 GC heap before
{Heap before GC invocations=5 (full 0):
 garbage-first heap   total 262144K, used 150195K [0x00000000e0000000, 0x0000000100000000)
  region size 1024K, 132 young (135168K), 12 survivors (12288K)
 Metaspace       used 35671K, committed 36096K, reserved 393216K
  class space    used 4961K, committed 5184K, reserved 327680K
}
Event: 17.146 GC heap after
{Heap after GC invocations=6 (full 0):
 garbage-first heap   total 262144K, used 33525K [0x00000000e0000000, 0x0000000100000000)
  region size 1024K, 17 young (17408K), 17 survivors (17408K)
 Metaspace       used 35671K, committed 36096K, reserved 393216K
  class space    used 4961K, committed 5184K, reserved 327680K
}
Event: 20.271 GC heap before
{Heap before GC invocations=7 (full 0):
 garbage-first heap   total 262144K, used 173813K [0x00000000e0000000, 0x0000000100000000)
  region size 1024K, 153 young (156672K), 17 survivors (17408K)
 Metaspace       used 48793K, committed 49280K, reserved 393216K
  class space    used 6995K, committed 7232K, reserved 327680K
}
Event: 20.289 GC heap after
{Heap after GC invocations=8 (full 0):
 garbage-first heap   total 262144K, used 39205K [0x00000000e0000000, 0x0000000100000000)
  region size 1024K, 15 young (15360K), 15 survivors (15360K)
 Metaspace       used 48793K, committed 49280K, reserved 393216K
  class space    used 6995K, committed 7232K, reserved 327680K
}
Event: 22.802 GC heap before
{Heap before GC invocations=8 (full 0):
 garbage-first heap   total 262144K, used 179493K [0x00000000e0000000, 0x0000000100000000)
  region size 1024K, 153 young (156672K), 15 survivors (15360K)
 Metaspace       used 53788K, committed 54336K, reserved 393216K
  class space    used 7730K, committed 8000K, reserved 327680K
}
Event: 22.812 GC heap after
{Heap after GC invocations=9 (full 0):
 garbage-first heap   total 262144K, used 47528K [0x00000000e0000000, 0x0000000100000000)
  region size 1024K, 15 young (15360K), 15 survivors (15360K)
 Metaspace       used 53788K, committed 54336K, reserved 393216K
  class space    used 7730K, committed 8000K, reserved 327680K
}
Event: 25.807 GC heap before
{Heap before GC invocations=9 (full 0):
 garbage-first heap   total 262144K, used 169384K [0x00000000e0000000, 0x0000000100000000)
  region size 1024K, 136 young (139264K), 15 survivors (15360K)
 Metaspace       used 59659K, committed 60288K, reserved 393216K
  class space    used 8490K, committed 8768K, reserved 327680K
}
Event: 25.820 GC heap after
{Heap after GC invocations=10 (full 0):
 garbage-first heap   total 262144K, used 57680K [0x00000000e0000000, 0x0000000100000000)
  region size 1024K, 19 young (19456K), 19 survivors (19456K)
 Metaspace       used 59659K, committed 60288K, reserved 393216K
  class space    used 8490K, committed 8768K, reserved 327680K
}
Event: 42.033 GC heap before
{Heap before GC invocations=11 (full 0):
 garbage-first heap   total 262144K, used 193872K [0x00000000e0000000, 0x0000000100000000)
  region size 1024K, 153 young (156672K), 19 survivors (19456K)
 Metaspace       used 71984K, committed 72640K, reserved 393216K
  class space    used 10117K, committed 10432K, reserved 327680K
}
Event: 42.048 GC heap after
{Heap after GC invocations=12 (full 0):
 garbage-first heap   total 262144K, used 67825K [0x00000000e0000000, 0x0000000100000000)
  region size 1024K, 20 young (20480K), 20 survivors (20480K)
 Metaspace       used 71984K, committed 72640K, reserved 393216K
  class space    used 10117K, committed 10432K, reserved 327680K
}
Event: 103.578 GC heap before
{Heap before GC invocations=12 (full 0):
 garbage-first heap   total 262144K, used 202993K [0x00000000e0000000, 0x0000000100000000)
  region size 1024K, 153 young (156672K), 20 survivors (20480K)
 Metaspace       used 73033K, committed 73728K, reserved 393216K
  class space    used 10214K, committed 10496K, reserved 327680K
}
Event: 103.615 GC heap after
{Heap after GC invocations=13 (full 0):
 garbage-first heap   total 262144K, used 70347K [0x00000000e0000000, 0x0000000100000000)
  region size 1024K, 13 young (13312K), 13 survivors (13312K)
 Metaspace       used 73033K, committed 73728K, reserved 393216K
  class space    used 10214K, committed 10496K, reserved 327680K
}
Event: 213.963 GC heap before
{Heap before GC invocations=13 (full 0):
 garbage-first heap   total 262144K, used 206539K [0x00000000e0000000, 0x0000000100000000)
  region size 1024K, 147 young (150528K), 13 survivors (13312K)
 Metaspace       used 80858K, committed 81600K, reserved 458752K
  class space    used 11038K, committed 11392K, reserved 327680K
}
Event: 213.972 GC heap after
{Heap after GC invocations=14 (full 0):
 garbage-first heap   total 262144K, used 72326K [0x00000000e0000000, 0x0000000100000000)
  region size 1024K, 10 young (10240K), 10 survivors (10240K)
 Metaspace       used 80858K, committed 81600K, reserved 458752K
  class space    used 11038K, committed 11392K, reserved 327680K
}

